<?xml version="1.0" encoding="UTF-8"?>
<!-- Generated by org.testng.reporters.JUnitReportReporter -->
<testsuite hostname="Admin" failures="0" tests="1" name="TestBase.LoginTest" time="2.563" errors="0" timestamp="2022-11-04T13:41:53 IST" skipped="0">
  <testcase classname="TestBase.LoginTest" name="CorrectUserNamePassword" time="2.563"/>
  <system-out/>
</testsuite> <!-- TestBase.LoginTest -->
