<?xml version="1.0" encoding="UTF-8"?>
<!-- Generated by org.testng.reporters.JUnitReportReporter -->
<testsuite hostname="Admin" failures="0" tests="1" name="TestBase.LogoutTest" time="2.750" errors="0" timestamp="2022-11-04T14:03:06 IST" skipped="0">
  <testcase classname="TestBase.LogoutTest" name="Logout" time="2.750"/>
  <system-out/>
</testsuite> <!-- TestBase.LogoutTest -->
